5 -----------------------------------------
Accuracy:    0.7973969631236443
Brier Score: 0.13933493497487173
Log Loss:    0.4280879466256492
100%|█████████████████████████████████████████████████████████████████████████████████████| 15372/15372 [00:03<00:00, 4374.03it/s]
10 -----------------------------------------
Accuracy:    0.7969631236442516
Brier Score: 0.14149773406550092
Log Loss:    0.4352603058542342
100%|█████████████████████████████████████████████████████████████████████████████████████| 15372/15372 [00:03<00:00, 4459.91it/s]
20 -----------------------------------------
Accuracy:    0.7969631236442516
Brier Score: 0.14196861256532803
Log Loss:    0.4372421803671508
100%|█████████████████████████████████████████████████████████████████████████████████████| 15372/15372 [00:03<00:00, 4542.15it/s]
30 -----------------------------------------
Accuracy:    0.7874186550976139
Brier Score: 0.14496101309940526
Log Loss:    0.4455506409992593
100%|█████████████████████████████████████████████████████████████████████████████████████| 15372/15372 [00:03<00:00, 4489.30it/s]
40 -----------------------------------------
Accuracy:    0.7848156182212581
Brier Score: 0.1493233978819526
Log Loss:    0.4572572767848822
100%|█████████████████████████████████████████████████████████████████████████████████████| 15372/15372 [00:03<00:00, 4401.39it/s]
50 -----------------------------------------
Accuracy:    0.7726681127982646
Brier Score: 0.1549416503340504
Log Loss:    0.4721608688672938
100%|█████████████████████████████████████████████████████████████████████████████████████| 15372/15372 [00:03<00:00, 4403.91it/s]
60 -----------------------------------------
Accuracy:    0.7583514099783081
Brier Score: 0.16158335101030497
Log Loss:    0.4895271094612381
100%|█████████████████████████████████████████████████████████████████████████████████████| 15372/15372 [00:03<00:00, 4492.04it/s]
70 -----------------------------------------
Accuracy:    0.7466377440347072
Brier Score: 0.16888884213099406
Log Loss:    0.5083489433936308
100%|█████████████████████████████████████████████████████████████████████████████████████| 15372/15372 [00:03<00:00, 4550.02it/s]
80 -----------------------------------------
Accuracy:    0.7327548806941432
Brier Score: 0.1764549998487365
Log Loss:    0.5276048831378224
100%|█████████████████████████████████████████████████████████████████████████████████████| 15372/15372 [00:03<00:00, 4534.94it/s]
90 -----------------------------------------
Accuracy:    0.7180043383947939
Brier Score: 0.18394297513356897
Log Loss:    0.5464286474418493